Build started 10/6/2013 3:52:03 PM.
     1>Project "C:\Users\Isaac\Projects\455Assignment1ClientServerLogin\ClientLogin\ClientLogin\ClientLogin.vcxproj" on node 2 (Build target(s)).
     1>ClCompile:
         C:\Program Files (x86)\Microsoft Visual Studio 11.0\VC\bin\CL.exe /c /ZI /nologo /W3 /WX- /Od /Oy- /D _MBCS /Gm /EHsc /RTC1 /MDd /GS /fp:precise /Zc:wchar_t /Zc:forScope /Fo"Debug\\" /Fd"Debug\vc110.pdb" /Gd /TC /analyze- /errorReport:prompt client.c
         client.c
     1>c:\users\isaac\projects\455assignment1clientserverlogin\clientlogin\clientlogin\client.c(95): warning C4996: 'strcat': This function or variable may be unsafe. Consider using strcat_s instead. To disable deprecation, use _CRT_SECURE_NO_WARNINGS. See online help for details.
                 c:\program files (x86)\microsoft visual studio 11.0\vc\include\string.h(115) : see declaration of 'strcat'
     1>c:\users\isaac\projects\455assignment1clientserverlogin\clientlogin\clientlogin\client.c(122): warning C4996: 'scanf': This function or variable may be unsafe. Consider using scanf_s instead. To disable deprecation, use _CRT_SECURE_NO_WARNINGS. See online help for details.
                 c:\program files (x86)\microsoft visual studio 11.0\vc\include\stdio.h(290) : see declaration of 'scanf'
     1>c:\users\isaac\projects\455assignment1clientserverlogin\clientlogin\clientlogin\client.c(128): warning C4013: 'strIsDigit' undefined; assuming extern returning int
     1>c:\users\isaac\projects\455assignment1clientserverlogin\clientlogin\clientlogin\client.c(133): warning C4996: 'strncpy': This function or variable may be unsafe. Consider using strncpy_s instead. To disable deprecation, use _CRT_SECURE_NO_WARNINGS. See online help for details.
                 c:\program files (x86)\microsoft visual studio 11.0\vc\include\string.h(191) : see declaration of 'strncpy'
     1>c:\users\isaac\projects\455assignment1clientserverlogin\clientlogin\clientlogin\client.c(137): warning C4996: 'scanf': This function or variable may be unsafe. Consider using scanf_s instead. To disable deprecation, use _CRT_SECURE_NO_WARNINGS. See online help for details.
                 c:\program files (x86)\microsoft visual studio 11.0\vc\include\stdio.h(290) : see declaration of 'scanf'
     1>c:\users\isaac\projects\455assignment1clientserverlogin\clientlogin\clientlogin\client.c(144): warning C4996: 'strncpy': This function or variable may be unsafe. Consider using strncpy_s instead. To disable deprecation, use _CRT_SECURE_NO_WARNINGS. See online help for details.
                 c:\program files (x86)\microsoft visual studio 11.0\vc\include\string.h(191) : see declaration of 'strncpy'
     1>c:\users\isaac\projects\455assignment1clientserverlogin\clientlogin\clientlogin\client.c(150): warning C4996: 'strncpy': This function or variable may be unsafe. Consider using strncpy_s instead. To disable deprecation, use _CRT_SECURE_NO_WARNINGS. See online help for details.
                 c:\program files (x86)\microsoft visual studio 11.0\vc\include\string.h(191) : see declaration of 'strncpy'
     1>c:\users\isaac\projects\455assignment1clientserverlogin\clientlogin\clientlogin\client.c(151): warning C4996: 'strncat': This function or variable may be unsafe. Consider using strncat_s instead. To disable deprecation, use _CRT_SECURE_NO_WARNINGS. See online help for details.
                 c:\program files (x86)\microsoft visual studio 11.0\vc\include\string.h(182) : see declaration of 'strncat'
     1>c:\users\isaac\projects\455assignment1clientserverlogin\clientlogin\clientlogin\client.c(152): warning C4996: 'strncat': This function or variable may be unsafe. Consider using strncat_s instead. To disable deprecation, use _CRT_SECURE_NO_WARNINGS. See online help for details.
                 c:\program files (x86)\microsoft visual studio 11.0\vc\include\string.h(182) : see declaration of 'strncat'
     1>c:\users\isaac\projects\455assignment1clientserverlogin\clientlogin\clientlogin\client.c(153): warning C4996: 'strncat': This function or variable may be unsafe. Consider using strncat_s instead. To disable deprecation, use _CRT_SECURE_NO_WARNINGS. See online help for details.
                 c:\program files (x86)\microsoft visual studio 11.0\vc\include\string.h(182) : see declaration of 'strncat'
       Link:
         C:\Program Files (x86)\Microsoft Visual Studio 11.0\VC\bin\link.exe /ERRORREPORT:PROMPT /OUT:"C:\Users\Isaac\Projects\455Assignment1ClientServerLogin\ClientLogin\Debug\ClientLogin.exe" /INCREMENTAL /NOLOGO kernel32.lib user32.lib gdi32.lib winspool.lib comdlg32.lib advapi32.lib shell32.lib ole32.lib oleaut32.lib uuid.lib odbc32.lib odbccp32.lib /MANIFEST /MANIFESTUAC:"level='asInvoker' uiAccess='false'" /manifest:embed /DEBUG /PDB:"C:\Users\Isaac\Projects\455Assignment1ClientServerLogin\ClientLogin\Debug\ClientLogin.pdb" /TLBID:1 /DYNAMICBASE /NXCOMPAT /IMPLIB:"C:\Users\Isaac\Projects\455Assignment1ClientServerLogin\ClientLogin\Debug\ClientLogin.lib" /MACHINE:X86 Debug\client.obj
         ClientLogin.vcxproj -> C:\Users\Isaac\Projects\455Assignment1ClientServerLogin\ClientLogin\Debug\ClientLogin.exe
     1>Done Building Project "C:\Users\Isaac\Projects\455Assignment1ClientServerLogin\ClientLogin\ClientLogin\ClientLogin.vcxproj" (Build target(s)).

Build succeeded.

Time Elapsed 00:00:00.47
